<?xml version="1.0" encoding="UTF-8"?>
<!-- Generated by org.testng.reporters.JUnitXMLReporter -->
<testsuite ignored="0" hostname="Azmat-PC" failures="0" tests="7" name="Surefire test" time="0.069" errors="0" timestamp="2021-01-09T10:10:19 IST">
  <testcase classname="AzmatAli.AliAzmat.ApiTest" name="ApiT" time="0.005"/>
  <testcase classname="AzmatAli.AliAzmat.ApiTest" name="Appi" time="0.0"/>
  <testcase classname="AzmatAli.AliAzmat.ApiTest" name="azz" time="0.001"/>
  <testcase classname="AzmatAli.AliAzmat.AppiumTest" name="Apim" time="0.001"/>
  <testcase classname="AzmatAli.AliAzmat.AppiumTest" name="Appi" time="0.001"/>
  <testcase classname="AzmatAli.AliAzmat.Selnium1Test" name="sel" time="0.0"/>
  <testcase classname="AzmatAli.AliAzmat.Selnium1Test" name="sel2" time="0.0"/>
</testsuite> <!-- Surefire test -->
