<?xml version="1.0" encoding="UTF-8"?>
<!-- Generated by org.testng.reporters.JUnitXMLReporter -->
<testsuite ignored="0" hostname="Azmat-PC" failures="0" tests="7" name="Default test" time="0.083" errors="0" timestamp="2021-01-08T21:58:25 IST">
  <testcase classname="AzmatAli.AliAzmat.Selnium1" name="sel" time="0.011"/>
  <testcase classname="AzmatAli.AliAzmat.Selnium1" name="sel2" time="0.002"/>
  <testcase classname="AzmatAli.AliAzmat.Api" name="ApiT" time="0.001"/>
  <testcase classname="AzmatAli.AliAzmat.Api" name="Appi" time="0.002"/>
  <testcase classname="AzmatAli.AliAzmat.Api" name="azz" time="0.001"/>
  <testcase classname="AzmatAli.AliAzmat.Appium" name="Apim" time="0.002"/>
  <testcase classname="AzmatAli.AliAzmat.Appium" name="Appi" time="0.002"/>
</testsuite> <!-- Default test -->
