<?xml version="1.0" encoding="UTF-8"?>
<!-- Generated by org.testng.reporters.JUnitXMLReporter -->
<testsuite hostname="Azmat-PC" ignored="0" name="Test" tests="7" failures="0" timestamp="2021-01-11T19:01:46 IST" time="0.065" errors="0">
  <testcase name="Apim" time="0.01" classname="AzmatAli.AliAzmat.AppiumTest"/>
  <testcase name="Appi" time="0.0" classname="AzmatAli.AliAzmat.AppiumTest"/>
  <testcase name="sel" time="0.0" classname="AzmatAli.AliAzmat.Selnium1Test"/>
  <testcase name="sel2" time="0.0" classname="AzmatAli.AliAzmat.Selnium1Test"/>
  <testcase name="ApiT" time="0.005" classname="AzmatAli.AliAzmat.ApiTest"/>
  <testcase name="Appi" time="0.0" classname="AzmatAli.AliAzmat.ApiTest"/>
  <testcase name="azz" time="0.0" classname="AzmatAli.AliAzmat.ApiTest"/>
</testsuite> <!-- Test -->
