<?xml version="1.0" encoding="UTF-8"?>
<testsuite xmlns:xsi="http://www.w3.org/2001/XMLSchema-instance" xsi:noNamespaceSchemaLocation="https://maven.apache.org/surefire/maven-surefire-plugin/xsd/surefire-test-report-3.0.xsd" version="3.0" name="TestSuite" time="0.925" tests="7" errors="0" skipped="0" failures="0">
  <properties>
[...]
</properties>
  <testcase name="Apim" classname="AzmatAli.AliAzmat.AppiumTest" time="0.005">
    <system-out><![CDATA[Appium output2
]]></system-out>
  </testcase>
  <testcase name="Appi" classname="AzmatAli.AliAzmat.AppiumTest" time="0">
    <system-out><![CDATA[Appium out put 1
]]></system-out>
  </testcase>
  <testcase name="sel" classname="AzmatAli.AliAzmat.Selnium1Test" time="0">
    <system-out><![CDATA[Sel1 out put
]]></system-out>
  </testcase>
  <testcase name="sel2" classname="AzmatAli.AliAzmat.Selnium1Test" time="0.005">
    <system-out><![CDATA[Sel2 out put
]]></system-out>
  </testcase>
  <testcase name="ApiT" classname="AzmatAli.AliAzmat.ApiTest" time="0">
    <system-out><![CDATA[Api out put1
]]></system-out>
  </testcase>
  <testcase name="Appi" classname="AzmatAli.AliAzmat.ApiTest" time="0">
    <system-out><![CDATA[Api 2nd out put
]]></system-out>
  </testcase>
  <testcase name="azz" classname="AzmatAli.AliAzmat.ApiTest" time="0">
    <system-out><![CDATA[mmmm
]]></system-out>
  </testcase>
</testsuite>