<?xml version="1.0" encoding="UTF-8"?>
<testng-results skipped="0" failed="0" ignored="0" total="7" passed="7">
  <reporter-output>
  </reporter-output>
  <suite name="Suite" duration-ms="65" started-at="2021-01-11T19:01:46 IST" finished-at="2021-01-11T19:01:46 IST">
    <groups>
    </groups>
    <test name="Test" duration-ms="65" started-at="2021-01-11T19:01:46 IST" finished-at="2021-01-11T19:01:46 IST">
      <class name="AzmatAli.AliAzmat.ApiTest">
        <test-method status="PASS" signature="ApiT()[pri:0, instance:AzmatAli.AliAzmat.ApiTest@4bec1f0c]" name="ApiT" duration-ms="5" started-at="2021-01-11T19:01:46 IST" finished-at="2021-01-11T19:01:46 IST">
          <reporter-output>
          </reporter-output>
        </test-method> <!-- ApiT -->
        <test-method status="PASS" signature="Appi()[pri:0, instance:AzmatAli.AliAzmat.ApiTest@4bec1f0c]" name="Appi" duration-ms="0" started-at="2021-01-11T19:01:46 IST" finished-at="2021-01-11T19:01:46 IST">
          <reporter-output>
          </reporter-output>
        </test-method> <!-- Appi -->
        <test-method status="PASS" signature="azz()[pri:0, instance:AzmatAli.AliAzmat.ApiTest@4bec1f0c]" name="azz" duration-ms="0" started-at="2021-01-11T19:01:46 IST" finished-at="2021-01-11T19:01:46 IST">
          <reporter-output>
          </reporter-output>
        </test-method> <!-- azz -->
      </class> <!-- AzmatAli.AliAzmat.ApiTest -->
      <class name="AzmatAli.AliAzmat.Selnium1Test">
        <test-method status="PASS" signature="sel()[pri:0, instance:AzmatAli.AliAzmat.Selnium1Test@73846619]" name="sel" duration-ms="0" started-at="2021-01-11T19:01:46 IST" finished-at="2021-01-11T19:01:46 IST">
          <reporter-output>
          </reporter-output>
        </test-method> <!-- sel -->
        <test-method status="PASS" signature="sel2()[pri:0, instance:AzmatAli.AliAzmat.Selnium1Test@73846619]" name="sel2" duration-ms="0" started-at="2021-01-11T19:01:46 IST" finished-at="2021-01-11T19:01:46 IST">
          <reporter-output>
          </reporter-output>
        </test-method> <!-- sel2 -->
      </class> <!-- AzmatAli.AliAzmat.Selnium1Test -->
      <class name="AzmatAli.AliAzmat.AppiumTest">
        <test-method status="PASS" signature="Apim()[pri:0, instance:AzmatAli.AliAzmat.AppiumTest@3159c4b8]" name="Apim" duration-ms="10" started-at="2021-01-11T19:01:46 IST" finished-at="2021-01-11T19:01:46 IST">
          <reporter-output>
          </reporter-output>
        </test-method> <!-- Apim -->
        <test-method status="PASS" signature="Appi()[pri:0, instance:AzmatAli.AliAzmat.AppiumTest@3159c4b8]" name="Appi" duration-ms="0" started-at="2021-01-11T19:01:46 IST" finished-at="2021-01-11T19:01:46 IST">
          <reporter-output>
          </reporter-output>
        </test-method> <!-- Appi -->
      </class> <!-- AzmatAli.AliAzmat.AppiumTest -->
    </test> <!-- Test -->
  </suite> <!-- Suite -->
</testng-results>
