<?xml version="1.0" encoding="UTF-8"?>
<testng-results ignored="0" total="7" passed="7" failed="0" skipped="0">
  <reporter-output>
  </reporter-output>
  <suite started-at="2021-01-08T21:58:25 IST" name="Default suite" finished-at="2021-01-08T21:58:25 IST" duration-ms="83">
    <groups>
    </groups>
    <test started-at="2021-01-08T21:58:25 IST" name="Default test" finished-at="2021-01-08T21:58:25 IST" duration-ms="83">
      <class name="AzmatAli.AliAzmat.Selnium1">
        <test-method signature="sel()[pri:0, instance:AzmatAli.AliAzmat.Selnium1@fa36558]" started-at="2021-01-08T21:58:25 IST" name="sel" finished-at="2021-01-08T21:58:25 IST" duration-ms="11" status="PASS">
          <reporter-output>
          </reporter-output>
        </test-method> <!-- sel -->
        <test-method signature="sel2()[pri:0, instance:AzmatAli.AliAzmat.Selnium1@fa36558]" started-at="2021-01-08T21:58:25 IST" name="sel2" finished-at="2021-01-08T21:58:25 IST" duration-ms="2" status="PASS">
          <reporter-output>
          </reporter-output>
        </test-method> <!-- sel2 -->
      </class> <!-- AzmatAli.AliAzmat.Selnium1 -->
      <class name="AzmatAli.AliAzmat.Api">
        <test-method signature="ApiT()[pri:0, instance:AzmatAli.AliAzmat.Api@672872e1]" started-at="2021-01-08T21:58:25 IST" name="ApiT" finished-at="2021-01-08T21:58:25 IST" duration-ms="1" status="PASS">
          <reporter-output>
          </reporter-output>
        </test-method> <!-- ApiT -->
        <test-method signature="Appi()[pri:0, instance:AzmatAli.AliAzmat.Api@672872e1]" started-at="2021-01-08T21:58:25 IST" name="Appi" finished-at="2021-01-08T21:58:25 IST" duration-ms="2" status="PASS">
          <reporter-output>
          </reporter-output>
        </test-method> <!-- Appi -->
        <test-method signature="azz()[pri:0, instance:AzmatAli.AliAzmat.Api@672872e1]" started-at="2021-01-08T21:58:25 IST" name="azz" finished-at="2021-01-08T21:58:25 IST" duration-ms="1" status="PASS">
          <reporter-output>
          </reporter-output>
        </test-method> <!-- azz -->
      </class> <!-- AzmatAli.AliAzmat.Api -->
      <class name="AzmatAli.AliAzmat.Appium">
        <test-method signature="Apim()[pri:0, instance:AzmatAli.AliAzmat.Appium@32910148]" started-at="2021-01-08T21:58:25 IST" name="Apim" finished-at="2021-01-08T21:58:25 IST" duration-ms="2" status="PASS">
          <reporter-output>
          </reporter-output>
        </test-method> <!-- Apim -->
        <test-method signature="Appi()[pri:0, instance:AzmatAli.AliAzmat.Appium@32910148]" started-at="2021-01-08T21:58:25 IST" name="Appi" finished-at="2021-01-08T21:58:25 IST" duration-ms="2" status="PASS">
          <reporter-output>
          </reporter-output>
        </test-method> <!-- Appi -->
      </class> <!-- AzmatAli.AliAzmat.Appium -->
    </test> <!-- Default test -->
  </suite> <!-- Default suite -->
</testng-results>
